Started simulated annealing optimization for data set with index  2
Parameters: init_T=150, min_T=10, reset_T=100, reduction_factor=0.9995, max_it_per_t=10, c_1 = 3, c_2 = 100

t = 220, T = 134.371424
Current best score: 0.99083 for the DecisionTreeClassifier
Selected parameters:
{'ccp_alpha': 0.0, 'class_weight': None, 'criterion': 'gini', 'max_depth': 18, 'max_features': 'sqrt', 'max_leaf_nodes': None, 'min_impurity_decrease': 0.0, 'min_samples_leaf': 4, 'min_samples_split': 2, 'min_weight_fraction_leaf': 0.0, 'monotonic_cst': None, 'random_state': None, 'splitter': 'random'}
Elapsed mins since start: 1.00

t = 395, T = 123.110940
Current best score: 0.99083 for the DecisionTreeClassifier
Selected parameters:
{'ccp_alpha': 0.0, 'class_weight': None, 'criterion': 'gini', 'max_depth': 18, 'max_features': 'sqrt', 'max_leaf_nodes': None, 'min_impurity_decrease': 0.0, 'min_samples_leaf': 4, 'min_samples_split': 2, 'min_weight_fraction_leaf': 0.0, 'monotonic_cst': None, 'random_state': None, 'splitter': 'random'}
Elapsed mins since start: 2.00

t = 541, T = 114.441943
Current best score: 0.99083 for the DecisionTreeClassifier
Selected parameters:
{'ccp_alpha': 0.0, 'class_weight': None, 'criterion': 'gini', 'max_depth': 18, 'max_features': 'sqrt', 'max_leaf_nodes': None, 'min_impurity_decrease': 0.0, 'min_samples_leaf': 4, 'min_samples_split': 2, 'min_weight_fraction_leaf': 0.0, 'monotonic_cst': None, 'random_state': None, 'splitter': 'random'}
Elapsed mins since start: 3.00

t = 667, T = 107.452823
Current best score: 0.99083 for the DecisionTreeClassifier
Selected parameters:
{'ccp_alpha': 0.0, 'class_weight': None, 'criterion': 'gini', 'max_depth': 18, 'max_features': 'sqrt', 'max_leaf_nodes': None, 'min_impurity_decrease': 0.0, 'min_samples_leaf': 4, 'min_samples_split': 2, 'min_weight_fraction_leaf': 0.0, 'monotonic_cst': None, 'random_state': None, 'splitter': 'random'}
Elapsed mins since start: 4.01

t = 830, T = 99.040763
Current best score: 0.99083 for the DecisionTreeClassifier
Selected parameters:
{'ccp_alpha': 0.0, 'class_weight': None, 'criterion': 'gini', 'max_depth': 18, 'max_features': 'sqrt', 'max_leaf_nodes': None, 'min_impurity_decrease': 0.0, 'min_samples_leaf': 4, 'min_samples_split': 2, 'min_weight_fraction_leaf': 0.0, 'monotonic_cst': None, 'random_state': None, 'splitter': 'random'}
Elapsed mins since start: 5.01

t = 1051, T = 88.677294
Current best score: 0.99083 for the DecisionTreeClassifier
Selected parameters:
{'ccp_alpha': 0.0, 'class_weight': None, 'criterion': 'gini', 'max_depth': 18, 'max_features': 'sqrt', 'max_leaf_nodes': None, 'min_impurity_decrease': 0.0, 'min_samples_leaf': 4, 'min_samples_split': 2, 'min_weight_fraction_leaf': 0.0, 'monotonic_cst': None, 'random_state': None, 'splitter': 'random'}
Elapsed mins since start: 6.01

t = 1266, T = 79.636855
Current best score: 0.99083 for the DecisionTreeClassifier
Selected parameters:
{'ccp_alpha': 0.0, 'class_weight': None, 'criterion': 'gini', 'max_depth': 18, 'max_features': 'sqrt', 'max_leaf_nodes': None, 'min_impurity_decrease': 0.0, 'min_samples_leaf': 4, 'min_samples_split': 2, 'min_weight_fraction_leaf': 0.0, 'monotonic_cst': None, 'random_state': None, 'splitter': 'random'}
Elapsed mins since start: 7.03

t = 1510, T = 70.488282
Current best score: 0.99083 for the DecisionTreeClassifier
Selected parameters:
{'ccp_alpha': 0.0, 'class_weight': None, 'criterion': 'gini', 'max_depth': 18, 'max_features': 'sqrt', 'max_leaf_nodes': None, 'min_impurity_decrease': 0.0, 'min_samples_leaf': 4, 'min_samples_split': 2, 'min_weight_fraction_leaf': 0.0, 'monotonic_cst': None, 'random_state': None, 'splitter': 'random'}
Elapsed mins since start: 8.03

t = 1765, T = 62.048392
Current best score: 0.99083 for the DecisionTreeClassifier
Selected parameters:
{'ccp_alpha': 0.0, 'class_weight': None, 'criterion': 'gini', 'max_depth': 18, 'max_features': 'sqrt', 'max_leaf_nodes': None, 'min_impurity_decrease': 0.0, 'min_samples_leaf': 4, 'min_samples_split': 2, 'min_weight_fraction_leaf': 0.0, 'monotonic_cst': None, 'random_state': None, 'splitter': 'random'}
Elapsed mins since start: 9.03

t = 1988, T = 55.500205
Current best score: 0.99083 for the DecisionTreeClassifier
Selected parameters:
{'ccp_alpha': 0.0, 'class_weight': None, 'criterion': 'gini', 'max_depth': 18, 'max_features': 'sqrt', 'max_leaf_nodes': None, 'min_impurity_decrease': 0.0, 'min_samples_leaf': 4, 'min_samples_split': 2, 'min_weight_fraction_leaf': 0.0, 'monotonic_cst': None, 'random_state': None, 'splitter': 'random'}
Elapsed mins since start: 10.03

t = 2238, T = 48.977228
Current best score: 0.99083 for the DecisionTreeClassifier
Selected parameters:
{'ccp_alpha': 0.0, 'class_weight': None, 'criterion': 'gini', 'max_depth': 18, 'max_features': 'sqrt', 'max_leaf_nodes': None, 'min_impurity_decrease': 0.0, 'min_samples_leaf': 4, 'min_samples_split': 2, 'min_weight_fraction_leaf': 0.0, 'monotonic_cst': None, 'random_state': None, 'splitter': 'random'}
Elapsed mins since start: 11.03

t = 2490, T = 43.177691
Current best score: 0.99083 for the DecisionTreeClassifier
Selected parameters:
{'ccp_alpha': 0.0, 'class_weight': None, 'criterion': 'gini', 'max_depth': 18, 'max_features': 'sqrt', 'max_leaf_nodes': None, 'min_impurity_decrease': 0.0, 'min_samples_leaf': 4, 'min_samples_split': 2, 'min_weight_fraction_leaf': 0.0, 'monotonic_cst': None, 'random_state': None, 'splitter': 'random'}
Elapsed mins since start: 12.04

t = 2715, T = 38.582384
Current best score: 0.99083 for the DecisionTreeClassifier
Selected parameters:
{'ccp_alpha': 0.0, 'class_weight': None, 'criterion': 'gini', 'max_depth': 18, 'max_features': 'sqrt', 'max_leaf_nodes': None, 'min_impurity_decrease': 0.0, 'min_samples_leaf': 4, 'min_samples_split': 2, 'min_weight_fraction_leaf': 0.0, 'monotonic_cst': None, 'random_state': None, 'splitter': 'random'}
Elapsed mins since start: 13.04

t = 2983, T = 33.742639
Current best score: 0.99083 for the DecisionTreeClassifier
Selected parameters:
{'ccp_alpha': 0.0, 'class_weight': None, 'criterion': 'gini', 'max_depth': 18, 'max_features': 'sqrt', 'max_leaf_nodes': None, 'min_impurity_decrease': 0.0, 'min_samples_leaf': 4, 'min_samples_split': 2, 'min_weight_fraction_leaf': 0.0, 'monotonic_cst': None, 'random_state': None, 'splitter': 'random'}
Elapsed mins since start: 14.04

t = 3195, T = 30.348157
Current best score: 0.99083 for the DecisionTreeClassifier
Selected parameters:
{'ccp_alpha': 0.0, 'class_weight': None, 'criterion': 'gini', 'max_depth': 18, 'max_features': 'sqrt', 'max_leaf_nodes': None, 'min_impurity_decrease': 0.0, 'min_samples_leaf': 4, 'min_samples_split': 2, 'min_weight_fraction_leaf': 0.0, 'monotonic_cst': None, 'random_state': None, 'splitter': 'random'}
Elapsed mins since start: 15.05

t = 3376, T = 27.721635
Current best score: 0.99083 for the DecisionTreeClassifier
Selected parameters:
{'ccp_alpha': 0.0, 'class_weight': None, 'criterion': 'gini', 'max_depth': 18, 'max_features': 'sqrt', 'max_leaf_nodes': None, 'min_impurity_decrease': 0.0, 'min_samples_leaf': 4, 'min_samples_split': 2, 'min_weight_fraction_leaf': 0.0, 'monotonic_cst': None, 'random_state': None, 'splitter': 'random'}
Elapsed mins since start: 16.06

t = 3526, T = 25.718084
Current best score: 0.99083 for the DecisionTreeClassifier
Selected parameters:
{'ccp_alpha': 0.0, 'class_weight': None, 'criterion': 'gini', 'max_depth': 18, 'max_features': 'sqrt', 'max_leaf_nodes': None, 'min_impurity_decrease': 0.0, 'min_samples_leaf': 4, 'min_samples_split': 2, 'min_weight_fraction_leaf': 0.0, 'monotonic_cst': None, 'random_state': None, 'splitter': 'random'}
Elapsed mins since start: 17.08

t = 3694, T = 23.645513
Current best score: 0.99083 for the DecisionTreeClassifier
Selected parameters:
{'ccp_alpha': 0.0, 'class_weight': None, 'criterion': 'gini', 'max_depth': 18, 'max_features': 'sqrt', 'max_leaf_nodes': None, 'min_impurity_decrease': 0.0, 'min_samples_leaf': 4, 'min_samples_split': 2, 'min_weight_fraction_leaf': 0.0, 'monotonic_cst': None, 'random_state': None, 'splitter': 'random'}
Elapsed mins since start: 18.10

t = 3830, T = 22.090693
Current best score: 0.99083 for the DecisionTreeClassifier
Selected parameters:
{'ccp_alpha': 0.0, 'class_weight': None, 'criterion': 'gini', 'max_depth': 18, 'max_features': 'sqrt', 'max_leaf_nodes': None, 'min_impurity_decrease': 0.0, 'min_samples_leaf': 4, 'min_samples_split': 2, 'min_weight_fraction_leaf': 0.0, 'monotonic_cst': None, 'random_state': None, 'splitter': 'random'}
Elapsed mins since start: 19.10

t = 3970, T = 20.596865
Current best score: 0.99083 for the DecisionTreeClassifier
Selected parameters:
{'ccp_alpha': 0.0, 'class_weight': None, 'criterion': 'gini', 'max_depth': 18, 'max_features': 'sqrt', 'max_leaf_nodes': None, 'min_impurity_decrease': 0.0, 'min_samples_leaf': 4, 'min_samples_split': 2, 'min_weight_fraction_leaf': 0.0, 'monotonic_cst': None, 'random_state': None, 'splitter': 'random'}
Elapsed mins since start: 20.13

t = 4057, T = 19.719895
Current best score: 0.99083 for the DecisionTreeClassifier
Selected parameters:
{'ccp_alpha': 0.0, 'class_weight': None, 'criterion': 'gini', 'max_depth': 18, 'max_features': 'sqrt', 'max_leaf_nodes': None, 'min_impurity_decrease': 0.0, 'min_samples_leaf': 4, 'min_samples_split': 2, 'min_weight_fraction_leaf': 0.0, 'monotonic_cst': None, 'random_state': None, 'splitter': 'random'}
Elapsed mins since start: 21.13

t = 4231, T = 18.076382
Current best score: 0.99083 for the DecisionTreeClassifier
Selected parameters:
{'ccp_alpha': 0.0, 'class_weight': None, 'criterion': 'gini', 'max_depth': 18, 'max_features': 'sqrt', 'max_leaf_nodes': None, 'min_impurity_decrease': 0.0, 'min_samples_leaf': 4, 'min_samples_split': 2, 'min_weight_fraction_leaf': 0.0, 'monotonic_cst': None, 'random_state': None, 'splitter': 'random'}
Elapsed mins since start: 22.14

t = 4373, T = 16.837162
Current best score: 0.99083 for the DecisionTreeClassifier
Selected parameters:
{'ccp_alpha': 0.0, 'class_weight': None, 'criterion': 'gini', 'max_depth': 18, 'max_features': 'sqrt', 'max_leaf_nodes': None, 'min_impurity_decrease': 0.0, 'min_samples_leaf': 4, 'min_samples_split': 2, 'min_weight_fraction_leaf': 0.0, 'monotonic_cst': None, 'random_state': None, 'splitter': 'random'}
Elapsed mins since start: 23.18

t = 4496, T = 15.832632
Current best score: 0.99083 for the DecisionTreeClassifier
Selected parameters:
{'ccp_alpha': 0.0, 'class_weight': None, 'criterion': 'gini', 'max_depth': 18, 'max_features': 'sqrt', 'max_leaf_nodes': None, 'min_impurity_decrease': 0.0, 'min_samples_leaf': 4, 'min_samples_split': 2, 'min_weight_fraction_leaf': 0.0, 'monotonic_cst': None, 'random_state': None, 'splitter': 'random'}
Elapsed mins since start: 24.19

t = 4623, T = 14.858279
Current best score: 0.99083 for the DecisionTreeClassifier
Selected parameters:
{'ccp_alpha': 0.0, 'class_weight': None, 'criterion': 'gini', 'max_depth': 18, 'max_features': 'sqrt', 'max_leaf_nodes': None, 'min_impurity_decrease': 0.0, 'min_samples_leaf': 4, 'min_samples_split': 2, 'min_weight_fraction_leaf': 0.0, 'monotonic_cst': None, 'random_state': None, 'splitter': 'random'}
Elapsed mins since start: 25.19

t = 4710, T = 14.225645
Current best score: 0.99083 for the DecisionTreeClassifier
Selected parameters:
{'ccp_alpha': 0.0, 'class_weight': None, 'criterion': 'gini', 'max_depth': 18, 'max_features': 'sqrt', 'max_leaf_nodes': None, 'min_impurity_decrease': 0.0, 'min_samples_leaf': 4, 'min_samples_split': 2, 'min_weight_fraction_leaf': 0.0, 'monotonic_cst': None, 'random_state': None, 'splitter': 'random'}
Elapsed mins since start: 26.19

t = 4910, T = 12.871574
Current best score: 0.99083 for the DecisionTreeClassifier
Selected parameters:
{'ccp_alpha': 0.0, 'class_weight': None, 'criterion': 'gini', 'max_depth': 18, 'max_features': 'sqrt', 'max_leaf_nodes': None, 'min_impurity_decrease': 0.0, 'min_samples_leaf': 4, 'min_samples_split': 2, 'min_weight_fraction_leaf': 0.0, 'monotonic_cst': None, 'random_state': None, 'splitter': 'random'}
Elapsed mins since start: 27.20

t = 5142, T = 11.461486
Current best score: 0.99083 for the DecisionTreeClassifier
Selected parameters:
{'ccp_alpha': 0.0, 'class_weight': None, 'criterion': 'gini', 'max_depth': 18, 'max_features': 'sqrt', 'max_leaf_nodes': None, 'min_impurity_decrease': 0.0, 'min_samples_leaf': 4, 'min_samples_split': 2, 'min_weight_fraction_leaf': 0.0, 'monotonic_cst': None, 'random_state': None, 'splitter': 'random'}
Elapsed mins since start: 28.20

t = 5382, T = 10.165121
Current best score: 0.99083 for the DecisionTreeClassifier
Selected parameters:
{'ccp_alpha': 0.0, 'class_weight': None, 'criterion': 'gini', 'max_depth': 18, 'max_features': 'sqrt', 'max_leaf_nodes': None, 'min_impurity_decrease': 0.0, 'min_samples_leaf': 4, 'min_samples_split': 2, 'min_weight_fraction_leaf': 0.0, 'monotonic_cst': None, 'random_state': None, 'splitter': 'random'}
Elapsed mins since start: 29.21

t = 5584, T = 91.895224
Current best score: 0.99083 for the DecisionTreeClassifier
Selected parameters:
{'ccp_alpha': 0.0, 'class_weight': None, 'criterion': 'gini', 'max_depth': 18, 'max_features': 'sqrt', 'max_leaf_nodes': None, 'min_impurity_decrease': 0.0, 'min_samples_leaf': 4, 'min_samples_split': 2, 'min_weight_fraction_leaf': 0.0, 'monotonic_cst': None, 'random_state': None, 'splitter': 'random'}
Elapsed mins since start: 30.21

t = 5798, T = 82.568008
Current best score: 0.99083 for the DecisionTreeClassifier
Selected parameters:
{'ccp_alpha': 0.0, 'class_weight': None, 'criterion': 'gini', 'max_depth': 18, 'max_features': 'sqrt', 'max_leaf_nodes': None, 'min_impurity_decrease': 0.0, 'min_samples_leaf': 4, 'min_samples_split': 2, 'min_weight_fraction_leaf': 0.0, 'monotonic_cst': None, 'random_state': None, 'splitter': 'random'}
Elapsed mins since start: 31.21

t = 6026, T = 73.669862
Current best score: 0.99083 for the DecisionTreeClassifier
Selected parameters:
{'ccp_alpha': 0.0, 'class_weight': None, 'criterion': 'gini', 'max_depth': 18, 'max_features': 'sqrt', 'max_leaf_nodes': None, 'min_impurity_decrease': 0.0, 'min_samples_leaf': 4, 'min_samples_split': 2, 'min_weight_fraction_leaf': 0.0, 'monotonic_cst': None, 'random_state': None, 'splitter': 'random'}
Elapsed mins since start: 32.21

t = 6267, T = 65.304677
Current best score: 0.99083 for the DecisionTreeClassifier
Selected parameters:
{'ccp_alpha': 0.0, 'class_weight': None, 'criterion': 'gini', 'max_depth': 18, 'max_features': 'sqrt', 'max_leaf_nodes': None, 'min_impurity_decrease': 0.0, 'min_samples_leaf': 4, 'min_samples_split': 2, 'min_weight_fraction_leaf': 0.0, 'monotonic_cst': None, 'random_state': None, 'splitter': 'random'}
Elapsed mins since start: 33.22

t = 6490, T = 58.412842
Current best score: 0.99083 for the DecisionTreeClassifier
Selected parameters:
{'ccp_alpha': 0.0, 'class_weight': None, 'criterion': 'gini', 'max_depth': 18, 'max_features': 'sqrt', 'max_leaf_nodes': None, 'min_impurity_decrease': 0.0, 'min_samples_leaf': 4, 'min_samples_split': 2, 'min_weight_fraction_leaf': 0.0, 'monotonic_cst': None, 'random_state': None, 'splitter': 'random'}
Elapsed mins since start: 34.23

t = 6695, T = 52.720804
Current best score: 0.99083 for the DecisionTreeClassifier
Selected parameters:
{'ccp_alpha': 0.0, 'class_weight': None, 'criterion': 'gini', 'max_depth': 18, 'max_features': 'sqrt', 'max_leaf_nodes': None, 'min_impurity_decrease': 0.0, 'min_samples_leaf': 4, 'min_samples_split': 2, 'min_weight_fraction_leaf': 0.0, 'monotonic_cst': None, 'random_state': None, 'splitter': 'random'}
Elapsed mins since start: 35.24

t = 6928, T = 46.921735
Current best score: 0.99083 for the DecisionTreeClassifier
Selected parameters:
{'ccp_alpha': 0.0, 'class_weight': None, 'criterion': 'gini', 'max_depth': 18, 'max_features': 'sqrt', 'max_leaf_nodes': None, 'min_impurity_decrease': 0.0, 'min_samples_leaf': 4, 'min_samples_split': 2, 'min_weight_fraction_leaf': 0.0, 'monotonic_cst': None, 'random_state': None, 'splitter': 'random'}
Elapsed mins since start: 36.24

t = 7215, T = 40.647816
Current best score: 0.99083 for the DecisionTreeClassifier
Selected parameters:
{'ccp_alpha': 0.0, 'class_weight': None, 'criterion': 'gini', 'max_depth': 18, 'max_features': 'sqrt', 'max_leaf_nodes': None, 'min_impurity_decrease': 0.0, 'min_samples_leaf': 4, 'min_samples_split': 2, 'min_weight_fraction_leaf': 0.0, 'monotonic_cst': None, 'random_state': None, 'splitter': 'random'}
Elapsed mins since start: 37.25

t = 7483, T = 35.548985
Current best score: 0.99083 for the DecisionTreeClassifier
Selected parameters:
{'ccp_alpha': 0.0, 'class_weight': None, 'criterion': 'gini', 'max_depth': 18, 'max_features': 'sqrt', 'max_leaf_nodes': None, 'min_impurity_decrease': 0.0, 'min_samples_leaf': 4, 'min_samples_split': 2, 'min_weight_fraction_leaf': 0.0, 'monotonic_cst': None, 'random_state': None, 'splitter': 'random'}
Elapsed mins since start: 38.26

t = 7724, T = 31.512411
Current best score: 0.99083 for the DecisionTreeClassifier
Selected parameters:
{'ccp_alpha': 0.0, 'class_weight': None, 'criterion': 'gini', 'max_depth': 18, 'max_features': 'sqrt', 'max_leaf_nodes': None, 'min_impurity_decrease': 0.0, 'min_samples_leaf': 4, 'min_samples_split': 2, 'min_weight_fraction_leaf': 0.0, 'monotonic_cst': None, 'random_state': None, 'splitter': 'random'}
Elapsed mins since start: 39.26

t = 7981, T = 27.711551
Current best score: 0.99083 for the DecisionTreeClassifier
Selected parameters:
{'ccp_alpha': 0.0, 'class_weight': None, 'criterion': 'gini', 'max_depth': 18, 'max_features': 'sqrt', 'max_leaf_nodes': None, 'min_impurity_decrease': 0.0, 'min_samples_leaf': 4, 'min_samples_split': 2, 'min_weight_fraction_leaf': 0.0, 'monotonic_cst': None, 'random_state': None, 'splitter': 'random'}
Elapsed mins since start: 40.26

t = 8220, T = 24.589498
Current best score: 0.99083 for the DecisionTreeClassifier
Selected parameters:
{'ccp_alpha': 0.0, 'class_weight': None, 'criterion': 'gini', 'max_depth': 18, 'max_features': 'sqrt', 'max_leaf_nodes': None, 'min_impurity_decrease': 0.0, 'min_samples_leaf': 4, 'min_samples_split': 2, 'min_weight_fraction_leaf': 0.0, 'monotonic_cst': None, 'random_state': None, 'splitter': 'random'}
Elapsed mins since start: 41.27

t = 8514, T = 21.227185
Current best score: 0.99083 for the DecisionTreeClassifier
Selected parameters:
{'ccp_alpha': 0.0, 'class_weight': None, 'criterion': 'gini', 'max_depth': 18, 'max_features': 'sqrt', 'max_leaf_nodes': None, 'min_impurity_decrease': 0.0, 'min_samples_leaf': 4, 'min_samples_split': 2, 'min_weight_fraction_leaf': 0.0, 'monotonic_cst': None, 'random_state': None, 'splitter': 'random'}
Elapsed mins since start: 42.27

t = 8782, T = 18.564463
Current best score: 0.99083 for the DecisionTreeClassifier
Selected parameters:
{'ccp_alpha': 0.0, 'class_weight': None, 'criterion': 'gini', 'max_depth': 18, 'max_features': 'sqrt', 'max_leaf_nodes': None, 'min_impurity_decrease': 0.0, 'min_samples_leaf': 4, 'min_samples_split': 2, 'min_weight_fraction_leaf': 0.0, 'monotonic_cst': None, 'random_state': None, 'splitter': 'random'}
Elapsed mins since start: 43.27

t = 8897, T = 17.526864
Current best score: 0.99083 for the DecisionTreeClassifier
Selected parameters:
{'ccp_alpha': 0.0, 'class_weight': None, 'criterion': 'gini', 'max_depth': 18, 'max_features': 'sqrt', 'max_leaf_nodes': None, 'min_impurity_decrease': 0.0, 'min_samples_leaf': 4, 'min_samples_split': 2, 'min_weight_fraction_leaf': 0.0, 'monotonic_cst': None, 'random_state': None, 'splitter': 'random'}
Elapsed mins since start: 44.29

t = 9080, T = 15.993972
Current best score: 0.99083 for the DecisionTreeClassifier
Selected parameters:
{'ccp_alpha': 0.0, 'class_weight': None, 'criterion': 'gini', 'max_depth': 18, 'max_features': 'sqrt', 'max_leaf_nodes': None, 'min_impurity_decrease': 0.0, 'min_samples_leaf': 4, 'min_samples_split': 2, 'min_weight_fraction_leaf': 0.0, 'monotonic_cst': None, 'random_state': None, 'splitter': 'random'}
Elapsed mins since start: 45.32

t = 9175, T = 15.251838
Current best score: 0.99083 for the DecisionTreeClassifier
Selected parameters:
{'ccp_alpha': 0.0, 'class_weight': None, 'criterion': 'gini', 'max_depth': 18, 'max_features': 'sqrt', 'max_leaf_nodes': None, 'min_impurity_decrease': 0.0, 'min_samples_leaf': 4, 'min_samples_split': 2, 'min_weight_fraction_leaf': 0.0, 'monotonic_cst': None, 'random_state': None, 'splitter': 'random'}
Elapsed mins since start: 46.36

t = 9277, T = 14.493312
Current best score: 0.99083 for the DecisionTreeClassifier
Selected parameters:
{'ccp_alpha': 0.0, 'class_weight': None, 'criterion': 'gini', 'max_depth': 18, 'max_features': 'sqrt', 'max_leaf_nodes': None, 'min_impurity_decrease': 0.0, 'min_samples_leaf': 4, 'min_samples_split': 2, 'min_weight_fraction_leaf': 0.0, 'monotonic_cst': None, 'random_state': None, 'splitter': 'random'}
Elapsed mins since start: 47.37

t = 9428, T = 13.439100
Current best score: 0.99083 for the DecisionTreeClassifier
Selected parameters:
{'ccp_alpha': 0.0, 'class_weight': None, 'criterion': 'gini', 'max_depth': 18, 'max_features': 'sqrt', 'max_leaf_nodes': None, 'min_impurity_decrease': 0.0, 'min_samples_leaf': 4, 'min_samples_split': 2, 'min_weight_fraction_leaf': 0.0, 'monotonic_cst': None, 'random_state': None, 'splitter': 'random'}
Elapsed mins since start: 48.40

t = 9522, T = 12.821926
Current best score: 0.99083 for the DecisionTreeClassifier
Selected parameters:
{'ccp_alpha': 0.0, 'class_weight': None, 'criterion': 'gini', 'max_depth': 18, 'max_features': 'sqrt', 'max_leaf_nodes': None, 'min_impurity_decrease': 0.0, 'min_samples_leaf': 4, 'min_samples_split': 2, 'min_weight_fraction_leaf': 0.0, 'monotonic_cst': None, 'random_state': None, 'splitter': 'random'}
Elapsed mins since start: 49.41

t = 9700, T = 11.729821
Current best score: 0.99083 for the DecisionTreeClassifier
Selected parameters:
{'ccp_alpha': 0.0, 'class_weight': None, 'criterion': 'gini', 'max_depth': 18, 'max_features': 'sqrt', 'max_leaf_nodes': None, 'min_impurity_decrease': 0.0, 'min_samples_leaf': 4, 'min_samples_split': 2, 'min_weight_fraction_leaf': 0.0, 'monotonic_cst': None, 'random_state': None, 'splitter': 'random'}
Elapsed mins since start: 50.41

t = 9820, T = 11.046563
Current best score: 0.99083 for the DecisionTreeClassifier
Selected parameters:
{'ccp_alpha': 0.0, 'class_weight': None, 'criterion': 'gini', 'max_depth': 18, 'max_features': 'sqrt', 'max_leaf_nodes': None, 'min_impurity_decrease': 0.0, 'min_samples_leaf': 4, 'min_samples_split': 2, 'min_weight_fraction_leaf': 0.0, 'monotonic_cst': None, 'random_state': None, 'splitter': 'random'}
Elapsed mins since start: 51.41

t = 9974, T = 10.227704
Current best score: 0.99083 for the DecisionTreeClassifier
Selected parameters:
{'ccp_alpha': 0.0, 'class_weight': None, 'criterion': 'gini', 'max_depth': 18, 'max_features': 'sqrt', 'max_leaf_nodes': None, 'min_impurity_decrease': 0.0, 'min_samples_leaf': 4, 'min_samples_split': 2, 'min_weight_fraction_leaf': 0.0, 'monotonic_cst': None, 'random_state': None, 'splitter': 'random'}
Elapsed mins since start: 52.41

t = 10106, T = 95.790109
Current best score: 0.99083 for the DecisionTreeClassifier
Selected parameters:
{'ccp_alpha': 0.0, 'class_weight': None, 'criterion': 'gini', 'max_depth': 18, 'max_features': 'sqrt', 'max_leaf_nodes': None, 'min_impurity_decrease': 0.0, 'min_samples_leaf': 4, 'min_samples_split': 2, 'min_weight_fraction_leaf': 0.0, 'monotonic_cst': None, 'random_state': None, 'splitter': 'random'}
Elapsed mins since start: 53.42

t = 10279, T = 87.850614
Current best score: 0.99083 for the DecisionTreeClassifier
Selected parameters:
{'ccp_alpha': 0.0, 'class_weight': None, 'criterion': 'gini', 'max_depth': 18, 'max_features': 'sqrt', 'max_leaf_nodes': None, 'min_impurity_decrease': 0.0, 'min_samples_leaf': 4, 'min_samples_split': 2, 'min_weight_fraction_leaf': 0.0, 'monotonic_cst': None, 'random_state': None, 'splitter': 'random'}
Elapsed mins since start: 54.42

t = 10505, T = 78.461616
Current best score: 0.99083 for the DecisionTreeClassifier
Selected parameters:
{'ccp_alpha': 0.0, 'class_weight': None, 'criterion': 'gini', 'max_depth': 18, 'max_features': 'sqrt', 'max_leaf_nodes': None, 'min_impurity_decrease': 0.0, 'min_samples_leaf': 4, 'min_samples_split': 2, 'min_weight_fraction_leaf': 0.0, 'monotonic_cst': None, 'random_state': None, 'splitter': 'random'}
Elapsed mins since start: 55.43

t = 10738, T = 69.831165
Current best score: 0.99083 for the DecisionTreeClassifier
Selected parameters:
{'ccp_alpha': 0.0, 'class_weight': None, 'criterion': 'gini', 'max_depth': 18, 'max_features': 'sqrt', 'max_leaf_nodes': None, 'min_impurity_decrease': 0.0, 'min_samples_leaf': 4, 'min_samples_split': 2, 'min_weight_fraction_leaf': 0.0, 'monotonic_cst': None, 'random_state': None, 'splitter': 'random'}
Elapsed mins since start: 56.43

t = 10985, T = 61.716389
Current best score: 0.99083 for the DecisionTreeClassifier
Selected parameters:
{'ccp_alpha': 0.0, 'class_weight': None, 'criterion': 'gini', 'max_depth': 18, 'max_features': 'sqrt', 'max_leaf_nodes': None, 'min_impurity_decrease': 0.0, 'min_samples_leaf': 4, 'min_samples_split': 2, 'min_weight_fraction_leaf': 0.0, 'monotonic_cst': None, 'random_state': None, 'splitter': 'random'}
Elapsed mins since start: 57.44

t = 11228, T = 54.653821
Current best score: 0.99083 for the DecisionTreeClassifier
Selected parameters:
{'ccp_alpha': 0.0, 'class_weight': None, 'criterion': 'gini', 'max_depth': 18, 'max_features': 'sqrt', 'max_leaf_nodes': None, 'min_impurity_decrease': 0.0, 'min_samples_leaf': 4, 'min_samples_split': 2, 'min_weight_fraction_leaf': 0.0, 'monotonic_cst': None, 'random_state': None, 'splitter': 'random'}
Elapsed mins since start: 58.44

t = 11469, T = 48.447900
Current best score: 0.99083 for the DecisionTreeClassifier
Selected parameters:
{'ccp_alpha': 0.0, 'class_weight': None, 'criterion': 'gini', 'max_depth': 18, 'max_features': 'sqrt', 'max_leaf_nodes': None, 'min_impurity_decrease': 0.0, 'min_samples_leaf': 4, 'min_samples_split': 2, 'min_weight_fraction_leaf': 0.0, 'monotonic_cst': None, 'random_state': None, 'splitter': 'random'}
Elapsed mins since start: 59.44

Finished with the following result at t = 11611
Best score: 0.99083 for the DecisionTreeClassifier
Selected parameters:
{'ccp_alpha': 0.0, 'class_weight': None, 'criterion': 'gini', 'max_depth': 18, 'max_features': 'sqrt', 'max_leaf_nodes': None, 'min_impurity_decrease': 0.0, 'min_samples_leaf': 4, 'min_samples_split': 2, 'min_weight_fraction_leaf': 0.0, 'monotonic_cst': None, 'random_state': None, 'splitter': 'random'}