Started simulated annealing optimization for data set with index  3
Parameters: init_T=150, min_T=10, reset_T=100, reduction_factor=0.995000, max_it_per_t=10, c_1 = 3, c_2 = 100

t = 4, T = 147.022425
Current best score: 0.85120 for the SVC
Selected parameters:
{'C': 0.001, 'break_ties': False, 'cache_size': 200, 'class_weight': None, 'coef0': 1.0, 'decision_function_shape': 'ovr', 'degree': 2, 'gamma': 'auto', 'kernel': 'linear', 'max_iter': -1, 'probability': False, 'random_state': None, 'shrinking': True, 'tol': 0.001, 'verbose': False}
Elapsed mins since start: 17.94

t = 7, T = 144.828097
Current best score: 0.85920 for the MLPClassifier
Selected parameters:
{'activation': 'identity', 'alpha': 10.0, 'batch_size': 'auto', 'beta_1': 0.9, 'beta_2': 0.999, 'early_stopping': False, 'epsilon': 1e-08, 'hidden_layer_sizes': (15, 2), 'learning_rate': 'constant', 'learning_rate_init': 0.001, 'max_fun': 15000, 'max_iter': 200, 'momentum': 0.9, 'n_iter_no_change': 10, 'nesterovs_momentum': True, 'power_t': 0.5, 'random_state': None, 'shuffle': True, 'solver': 'adam', 'tol': 0.0001, 'validation_fraction': 0.1, 'verbose': False, 'warm_start': False}
Elapsed mins since start: 31.21

t = 13, T = 140.537204
Current best score: 0.85920 for the MLPClassifier
Selected parameters:
{'activation': 'identity', 'alpha': 10.0, 'batch_size': 'auto', 'beta_1': 0.9, 'beta_2': 0.999, 'early_stopping': False, 'epsilon': 1e-08, 'hidden_layer_sizes': (15, 2), 'learning_rate': 'constant', 'learning_rate_init': 0.001, 'max_fun': 15000, 'max_iter': 200, 'momentum': 0.9, 'n_iter_no_change': 10, 'nesterovs_momentum': True, 'power_t': 0.5, 'random_state': None, 'shuffle': True, 'solver': 'adam', 'tol': 0.0001, 'validation_fraction': 0.1, 'verbose': False, 'warm_start': False}
Elapsed mins since start: 107.90

Finished with the following result at t = 13
Best score: 0.85920 for the MLPClassifier
Selected parameters:
{'activation': 'identity', 'alpha': 10.0, 'batch_size': 'auto', 'beta_1': 0.9, 'beta_2': 0.999, 'early_stopping': False, 'epsilon': 1e-08, 'hidden_layer_sizes': (15, 2), 'learning_rate': 'constant', 'learning_rate_init': 0.001, 'max_fun': 15000, 'max_iter': 200, 'momentum': 0.9, 'n_iter_no_change': 10, 'nesterovs_momentum': True, 'power_t': 0.5, 'random_state': None, 'shuffle': True, 'solver': 'adam', 'tol': 0.0001, 'validation_fraction': 0.1, 'verbose': False, 'warm_start': False}
